{
  "instant" : {
    "epochSecond" : 1703239765,
    "nanoOfSecond" : 159000000
  },
  "thread" : "background-preinit",
  "level" : "INFO",
  "loggerName" : "org.hibernate.validator.internal.util.Version",
  "message" : "HV000001: Hibernate Validator 6.2.4.Final",
  "endOfBatch" : false,
  "loggerFqcn" : "org.hibernate.validator.internal.util.logging.Log_$logger",
  "threadId" : 22,
  "threadPriority" : 5,
  "service" : "admin-app"
}
{
  "instant" : {
    "epochSecond" : 1703239765,
    "nanoOfSecond" : 197000000
  },
  "thread" : "restartedMain",
  "level" : "INFO",
  "loggerName" : "sn.isi.AdminAppApplication",
  "message" : "Starting AdminAppApplication using Java 1.8.0_251 on DESKTOP-DI581K7 with PID 13568 (C:\\Users\\modyn\\OneDrive\\Documents\\M1GL\\JEE\\Spring Boot\\admin-app-main\\target\\classes started by modyn in C:\\Users\\modyn\\OneDrive\\Documents\\M1GL\\JEE\\Spring Boot\\admin-app-main)",
  "endOfBatch" : false,
  "loggerFqcn" : "org.apache.commons.logging.LogAdapter$Log4jLog",
  "threadId" : 21,
  "threadPriority" : 5,
  "service" : "admin-app"
}
{
  "instant" : {
    "epochSecond" : 1703239765,
    "nanoOfSecond" : 246000000
  },
  "thread" : "restartedMain",
  "level" : "INFO",
  "loggerName" : "sn.isi.AdminAppApplication",
  "message" : "No active profile set, falling back to 1 default profile: \"default\"",
  "endOfBatch" : false,
  "loggerFqcn" : "org.apache.commons.logging.LogAdapter$Log4jLog",
  "threadId" : 21,
  "threadPriority" : 5,
  "service" : "admin-app"
}
{
  "instant" : {
    "epochSecond" : 1703239765,
    "nanoOfSecond" : 301000000
  },
  "thread" : "restartedMain",
  "level" : "INFO",
  "loggerName" : "org.springframework.boot.devtools.env.DevToolsPropertyDefaultsPostProcessor",
  "message" : "Devtools property defaults active! Set 'spring.devtools.add-properties' to 'false' to disable",
  "endOfBatch" : false,
  "loggerFqcn" : "org.apache.commons.logging.LogAdapter$Log4jLog",
  "threadId" : 21,
  "threadPriority" : 5,
  "service" : "admin-app"
}
{
  "instant" : {
    "epochSecond" : 1703239765,
    "nanoOfSecond" : 302000000
  },
  "thread" : "restartedMain",
  "level" : "INFO",
  "loggerName" : "org.springframework.boot.devtools.env.DevToolsPropertyDefaultsPostProcessor",
  "message" : "For additional web related logging consider setting the 'logging.level.web' property to 'DEBUG'",
  "endOfBatch" : false,
  "loggerFqcn" : "org.apache.commons.logging.LogAdapter$Log4jLog",
  "threadId" : 21,
  "threadPriority" : 5,
  "service" : "admin-app"
}
{
  "instant" : {
    "epochSecond" : 1703239765,
    "nanoOfSecond" : 896000000
  },
  "thread" : "restartedMain",
  "level" : "INFO",
  "loggerName" : "org.springframework.data.repository.config.RepositoryConfigurationDelegate",
  "message" : "Bootstrapping Spring Data JPA repositories in DEFAULT mode.",
  "endOfBatch" : false,
  "loggerFqcn" : "org.apache.commons.logging.LogAdapter$Log4jLog",
  "threadId" : 21,
  "threadPriority" : 5,
  "service" : "admin-app"
}
{
  "instant" : {
    "epochSecond" : 1703239765,
    "nanoOfSecond" : 964000000
  },
  "thread" : "restartedMain",
  "level" : "INFO",
  "loggerName" : "org.springframework.data.repository.config.RepositoryConfigurationDelegate",
  "message" : "Finished Spring Data repository scanning in 56 ms. Found 3 JPA repository interfaces.",
  "endOfBatch" : false,
  "loggerFqcn" : "org.apache.commons.logging.LogAdapter$Log4jLog",
  "threadId" : 21,
  "threadPriority" : 5,
  "service" : "admin-app"
}
{
  "instant" : {
    "epochSecond" : 1703239766,
    "nanoOfSecond" : 724000000
  },
  "thread" : "restartedMain",
  "level" : "INFO",
  "loggerName" : "org.springframework.boot.web.embedded.tomcat.TomcatWebServer",
  "message" : "Tomcat initialized with port(s): 8081 (http)",
  "endOfBatch" : false,
  "loggerFqcn" : "org.apache.commons.logging.LogAdapter$Log4jLog",
  "threadId" : 21,
  "threadPriority" : 5,
  "service" : "admin-app"
}
{
  "instant" : {
    "epochSecond" : 1703239766,
    "nanoOfSecond" : 742000000
  },
  "thread" : "restartedMain",
  "level" : "INFO",
  "loggerName" : "org.apache.coyote.http11.Http11NioProtocol",
  "message" : "Initializing ProtocolHandler [\"http-nio-8081\"]",
  "endOfBatch" : false,
  "loggerFqcn" : "java.util.logging.Logger",
  "threadId" : 21,
  "threadPriority" : 5,
  "service" : "admin-app"
}
{
  "instant" : {
    "epochSecond" : 1703239766,
    "nanoOfSecond" : 743000000
  },
  "thread" : "restartedMain",
  "level" : "INFO",
  "loggerName" : "org.apache.catalina.core.StandardService",
  "message" : "Starting service [Tomcat]",
  "endOfBatch" : false,
  "loggerFqcn" : "java.util.logging.Logger",
  "threadId" : 21,
  "threadPriority" : 5,
  "service" : "admin-app"
}
{
  "instant" : {
    "epochSecond" : 1703239766,
    "nanoOfSecond" : 743000000
  },
  "thread" : "restartedMain",
  "level" : "INFO",
  "loggerName" : "org.apache.catalina.core.StandardEngine",
  "message" : "Starting Servlet engine: [Apache Tomcat/9.0.65]",
  "endOfBatch" : false,
  "loggerFqcn" : "java.util.logging.Logger",
  "threadId" : 21,
  "threadPriority" : 5,
  "service" : "admin-app"
}
{
  "instant" : {
    "epochSecond" : 1703239766,
    "nanoOfSecond" : 844000000
  },
  "thread" : "restartedMain",
  "level" : "INFO",
  "loggerName" : "org.apache.catalina.core.ContainerBase.[Tomcat].[localhost].[/]",
  "message" : "Initializing Spring embedded WebApplicationContext",
  "endOfBatch" : false,
  "loggerFqcn" : "java.util.logging.Logger",
  "threadId" : 21,
  "threadPriority" : 5,
  "service" : "admin-app"
}
{
  "instant" : {
    "epochSecond" : 1703239766,
    "nanoOfSecond" : 844000000
  },
  "thread" : "restartedMain",
  "level" : "INFO",
  "loggerName" : "org.springframework.boot.web.servlet.context.ServletWebServerApplicationContext",
  "message" : "Root WebApplicationContext: initialization completed in 1542 ms",
  "endOfBatch" : false,
  "loggerFqcn" : "org.apache.commons.logging.LogAdapter$Log4jLog",
  "threadId" : 21,
  "threadPriority" : 5,
  "service" : "admin-app"
}
{
  "instant" : {
    "epochSecond" : 1703239767,
    "nanoOfSecond" : 8000000
  },
  "thread" : "restartedMain",
  "level" : "INFO",
  "loggerName" : "org.hibernate.jpa.internal.util.LogHelper",
  "message" : "HHH000204: Processing PersistenceUnitInfo [name: default]",
  "endOfBatch" : false,
  "loggerFqcn" : "org.hibernate.internal.EntityManagerMessageLogger_$logger",
  "threadId" : 21,
  "threadPriority" : 5,
  "service" : "admin-app"
}
{
  "instant" : {
    "epochSecond" : 1703239767,
    "nanoOfSecond" : 76000000
  },
  "thread" : "restartedMain",
  "level" : "INFO",
  "loggerName" : "org.hibernate.Version",
  "message" : "HHH000412: Hibernate ORM core version 5.6.10.Final",
  "endOfBatch" : false,
  "loggerFqcn" : "org.hibernate.internal.CoreMessageLogger_$logger",
  "threadId" : 21,
  "threadPriority" : 5,
  "service" : "admin-app"
}
{
  "instant" : {
    "epochSecond" : 1703239767,
    "nanoOfSecond" : 246000000
  },
  "thread" : "restartedMain",
  "level" : "INFO",
  "loggerName" : "org.hibernate.annotations.common.Version",
  "message" : "HCANN000001: Hibernate Commons Annotations {5.1.2.Final}",
  "endOfBatch" : false,
  "loggerFqcn" : "org.hibernate.annotations.common.util.impl.Log_$logger",
  "threadId" : 21,
  "threadPriority" : 5,
  "service" : "admin-app"
}
{
  "instant" : {
    "epochSecond" : 1703239767,
    "nanoOfSecond" : 358000000
  },
  "thread" : "restartedMain",
  "level" : "INFO",
  "loggerName" : "com.zaxxer.hikari.HikariDataSource",
  "message" : "HikariPool-1 - Starting...",
  "endOfBatch" : false,
  "loggerFqcn" : "org.apache.logging.slf4j.Log4jLogger",
  "threadId" : 21,
  "threadPriority" : 5,
  "service" : "admin-app"
}
{
  "instant" : {
    "epochSecond" : 1703239767,
    "nanoOfSecond" : 526000000
  },
  "thread" : "restartedMain",
  "level" : "INFO",
  "loggerName" : "com.zaxxer.hikari.HikariDataSource",
  "message" : "HikariPool-1 - Start completed.",
  "endOfBatch" : false,
  "loggerFqcn" : "org.apache.logging.slf4j.Log4jLogger",
  "threadId" : 21,
  "threadPriority" : 5,
  "service" : "admin-app"
}
{
  "instant" : {
    "epochSecond" : 1703239767,
    "nanoOfSecond" : 562000000
  },
  "thread" : "restartedMain",
  "level" : "INFO",
  "loggerName" : "org.hibernate.dialect.Dialect",
  "message" : "HHH000400: Using dialect: org.hibernate.dialect.MySQL55Dialect",
  "endOfBatch" : false,
  "loggerFqcn" : "org.hibernate.internal.CoreMessageLogger_$logger",
  "threadId" : 21,
  "threadPriority" : 5,
  "service" : "admin-app"
}
{
  "instant" : {
    "epochSecond" : 1703239768,
    "nanoOfSecond" : 470000000
  },
  "thread" : "restartedMain",
  "level" : "INFO",
  "loggerName" : "org.hibernate.engine.transaction.jta.platform.internal.JtaPlatformInitiator",
  "message" : "HHH000490: Using JtaPlatform implementation: [org.hibernate.engine.transaction.jta.platform.internal.NoJtaPlatform]",
  "endOfBatch" : false,
  "loggerFqcn" : "org.hibernate.internal.CoreMessageLogger_$logger",
  "threadId" : 21,
  "threadPriority" : 5,
  "service" : "admin-app"
}
{
  "instant" : {
    "epochSecond" : 1703239768,
    "nanoOfSecond" : 480000000
  },
  "thread" : "restartedMain",
  "level" : "INFO",
  "loggerName" : "org.springframework.orm.jpa.LocalContainerEntityManagerFactoryBean",
  "message" : "Initialized JPA EntityManagerFactory for persistence unit 'default'",
  "endOfBatch" : false,
  "loggerFqcn" : "org.apache.commons.logging.LogAdapter$Log4jLog",
  "threadId" : 21,
  "threadPriority" : 5,
  "service" : "admin-app"
}
{
  "instant" : {
    "epochSecond" : 1703239768,
    "nanoOfSecond" : 828000000
  },
  "thread" : "restartedMain",
  "level" : "WARN",
  "loggerName" : "org.springframework.boot.autoconfigure.orm.jpa.JpaBaseConfiguration$JpaWebConfiguration",
  "message" : "spring.jpa.open-in-view is enabled by default. Therefore, database queries may be performed during view rendering. Explicitly configure spring.jpa.open-in-view to disable this warning",
  "endOfBatch" : false,
  "loggerFqcn" : "org.apache.commons.logging.LogAdapter$Log4jLog",
  "threadId" : 21,
  "threadPriority" : 5,
  "service" : "admin-app"
}
{
  "instant" : {
    "epochSecond" : 1703239769,
    "nanoOfSecond" : 49000000
  },
  "thread" : "restartedMain",
  "level" : "WARN",
  "loggerName" : "org.springframework.boot.autoconfigure.thymeleaf.ThymeleafAutoConfiguration$DefaultTemplateResolverConfiguration",
  "message" : "Cannot find template location: classpath:/templates/ (please add some templates or check your Thymeleaf configuration)",
  "endOfBatch" : false,
  "loggerFqcn" : "org.apache.commons.logging.LogAdapter$Log4jLog",
  "threadId" : 21,
  "threadPriority" : 5,
  "service" : "admin-app"
}
{
  "instant" : {
    "epochSecond" : 1703239769,
    "nanoOfSecond" : 224000000
  },
  "thread" : "restartedMain",
  "level" : "INFO",
  "loggerName" : "org.springframework.boot.devtools.autoconfigure.OptionalLiveReloadServer",
  "message" : "LiveReload server is running on port 35729",
  "endOfBatch" : false,
  "loggerFqcn" : "org.apache.commons.logging.LogAdapter$Log4jLog",
  "threadId" : 21,
  "threadPriority" : 5,
  "service" : "admin-app"
}
{
  "instant" : {
    "epochSecond" : 1703239769,
    "nanoOfSecond" : 239000000
  },
  "thread" : "restartedMain",
  "level" : "INFO",
  "loggerName" : "org.apache.coyote.http11.Http11NioProtocol",
  "message" : "Starting ProtocolHandler [\"http-nio-8081\"]",
  "endOfBatch" : false,
  "loggerFqcn" : "java.util.logging.Logger",
  "threadId" : 21,
  "threadPriority" : 5,
  "service" : "admin-app"
}
{
  "instant" : {
    "epochSecond" : 1703239769,
    "nanoOfSecond" : 266000000
  },
  "thread" : "restartedMain",
  "level" : "INFO",
  "loggerName" : "org.springframework.boot.web.embedded.tomcat.TomcatWebServer",
  "message" : "Tomcat started on port(s): 8081 (http) with context path ''",
  "endOfBatch" : false,
  "loggerFqcn" : "org.apache.commons.logging.LogAdapter$Log4jLog",
  "threadId" : 21,
  "threadPriority" : 5,
  "service" : "admin-app"
}
{
  "instant" : {
    "epochSecond" : 1703239769,
    "nanoOfSecond" : 274000000
  },
  "thread" : "restartedMain",
  "level" : "INFO",
  "loggerName" : "sn.isi.AdminAppApplication",
  "message" : "Started AdminAppApplication in 4.494 seconds (JVM running for 5.968)",
  "endOfBatch" : false,
  "loggerFqcn" : "org.apache.commons.logging.LogAdapter$Log4jLog",
  "threadId" : 21,
  "threadPriority" : 5,
  "service" : "admin-app"
}
{
  "instant" : {
    "epochSecond" : 1703239804,
    "nanoOfSecond" : 460000000
  },
  "thread" : "http-nio-8081-exec-1",
  "level" : "INFO",
  "loggerName" : "org.apache.catalina.core.ContainerBase.[Tomcat].[localhost].[/]",
  "message" : "Initializing Spring DispatcherServlet 'dispatcherServlet'",
  "endOfBatch" : false,
  "loggerFqcn" : "java.util.logging.Logger",
  "threadId" : 34,
  "threadPriority" : 5,
  "service" : "admin-app"
}
{
  "instant" : {
    "epochSecond" : 1703239804,
    "nanoOfSecond" : 460000000
  },
  "thread" : "http-nio-8081-exec-1",
  "level" : "INFO",
  "loggerName" : "org.springframework.web.servlet.DispatcherServlet",
  "message" : "Initializing Servlet 'dispatcherServlet'",
  "endOfBatch" : false,
  "loggerFqcn" : "org.apache.commons.logging.LogAdapter$Log4jLog",
  "threadId" : 34,
  "threadPriority" : 5,
  "service" : "admin-app"
}
{
  "instant" : {
    "epochSecond" : 1703239804,
    "nanoOfSecond" : 463000000
  },
  "thread" : "http-nio-8081-exec-1",
  "level" : "INFO",
  "loggerName" : "org.springframework.web.servlet.DispatcherServlet",
  "message" : "Completed initialization in 2 ms",
  "endOfBatch" : false,
  "loggerFqcn" : "org.apache.commons.logging.LogAdapter$Log4jLog",
  "threadId" : 34,
  "threadPriority" : 5,
  "service" : "admin-app"
}
{
  "instant" : {
    "epochSecond" : 1703239874,
    "nanoOfSecond" : 638000000
  },
  "thread" : "http-nio-8081-exec-5",
  "level" : "ERROR",
  "loggerName" : "sn.isi.config.LoggingAspect",
  "message" : "Exception in sn.isi.controller.AppRolesController.getAppRoles() with message = Requested Roles with id = 0 does not exist",
  "endOfBatch" : false,
  "loggerFqcn" : "org.apache.logging.slf4j.Log4jLogger",
  "threadId" : 38,
  "threadPriority" : 5,
  "service" : "admin-app"
}
{
  "instant" : {
    "epochSecond" : 1703239874,
    "nanoOfSecond" : 649000000
  },
  "thread" : "http-nio-8081-exec-5",
  "level" : "WARN",
  "loggerName" : "org.springframework.web.servlet.mvc.method.annotation.ExceptionHandlerExceptionResolver",
  "message" : "Resolved [EntityNotFoundException(message=Requested Roles with id = 0 does not exist)]",
  "endOfBatch" : false,
  "loggerFqcn" : "org.apache.commons.logging.LogAdapter$Log4jLog",
  "threadId" : 38,
  "threadPriority" : 5,
  "service" : "admin-app"
}
{
  "instant" : {
    "epochSecond" : 1703239999,
    "nanoOfSecond" : 491000000
  },
  "thread" : "File Watcher",
  "level" : "INFO",
  "loggerName" : "org.springframework.boot.devtools.autoconfigure.LocalDevToolsAutoConfiguration$RestartingClassPathChangeChangedEventListener",
  "message" : "Restarting due to 37 class path changes (0 additions, 13 deletions, 24 modifications)",
  "endOfBatch" : false,
  "loggerFqcn" : "org.apache.commons.logging.LogAdapter$Log4jLog",
  "threadId" : 31,
  "threadPriority" : 5,
  "service" : "admin-app"
}
{
  "instant" : {
    "epochSecond" : 1703239999,
    "nanoOfSecond" : 941000000
  },
  "thread" : "Thread-7",
  "level" : "INFO",
  "loggerName" : "org.apache.coyote.http11.Http11NioProtocol",
  "message" : "Pausing ProtocolHandler [\"http-nio-8081\"]",
  "endOfBatch" : false,
  "loggerFqcn" : "java.util.logging.Logger",
  "threadId" : 32,
  "threadPriority" : 5,
  "service" : "admin-app"
}
{
  "instant" : {
    "epochSecond" : 1703239999,
    "nanoOfSecond" : 942000000
  },
  "thread" : "Thread-7",
  "level" : "INFO",
  "loggerName" : "org.apache.catalina.core.StandardService",
  "message" : "Stopping service [Tomcat]",
  "endOfBatch" : false,
  "loggerFqcn" : "java.util.logging.Logger",
  "threadId" : 32,
  "threadPriority" : 5,
  "service" : "admin-app"
}
{
  "instant" : {
    "epochSecond" : 1703239999,
    "nanoOfSecond" : 944000000
  },
  "thread" : "Thread-7",
  "level" : "INFO",
  "loggerName" : "org.apache.catalina.core.ContainerBase.[Tomcat].[localhost].[/]",
  "message" : "Destroying Spring FrameworkServlet 'dispatcherServlet'",
  "endOfBatch" : false,
  "loggerFqcn" : "java.util.logging.Logger",
  "threadId" : 32,
  "threadPriority" : 5,
  "service" : "admin-app"
}
{
  "instant" : {
    "epochSecond" : 1703239999,
    "nanoOfSecond" : 949000000
  },
  "thread" : "Thread-7",
  "level" : "INFO",
  "loggerName" : "org.apache.coyote.http11.Http11NioProtocol",
  "message" : "Stopping ProtocolHandler [\"http-nio-8081\"]",
  "endOfBatch" : false,
  "loggerFqcn" : "java.util.logging.Logger",
  "threadId" : 32,
  "threadPriority" : 5,
  "service" : "admin-app"
}
{
  "instant" : {
    "epochSecond" : 1703239999,
    "nanoOfSecond" : 953000000
  },
  "thread" : "Thread-7",
  "level" : "INFO",
  "loggerName" : "org.apache.coyote.http11.Http11NioProtocol",
  "message" : "Destroying ProtocolHandler [\"http-nio-8081\"]",
  "endOfBatch" : false,
  "loggerFqcn" : "java.util.logging.Logger",
  "threadId" : 32,
  "threadPriority" : 5,
  "service" : "admin-app"
}
{
  "instant" : {
    "epochSecond" : 1703239999,
    "nanoOfSecond" : 958000000
  },
  "thread" : "Thread-7",
  "level" : "INFO",
  "loggerName" : "org.springframework.orm.jpa.LocalContainerEntityManagerFactoryBean",
  "message" : "Closing JPA EntityManagerFactory for persistence unit 'default'",
  "endOfBatch" : false,
  "loggerFqcn" : "org.apache.commons.logging.LogAdapter$Log4jLog",
  "threadId" : 32,
  "threadPriority" : 5,
  "service" : "admin-app"
}
{
  "instant" : {
    "epochSecond" : 1703239999,
    "nanoOfSecond" : 965000000
  },
  "thread" : "Thread-7",
  "level" : "INFO",
  "loggerName" : "com.zaxxer.hikari.HikariDataSource",
  "message" : "HikariPool-1 - Shutdown initiated...",
  "endOfBatch" : false,
  "loggerFqcn" : "org.apache.logging.slf4j.Log4jLogger",
  "threadId" : 32,
  "threadPriority" : 5,
  "service" : "admin-app"
}
{
  "instant" : {
    "epochSecond" : 1703239999,
    "nanoOfSecond" : 978000000
  },
  "thread" : "Thread-7",
  "level" : "INFO",
  "loggerName" : "com.zaxxer.hikari.HikariDataSource",
  "message" : "HikariPool-1 - Shutdown completed.",
  "endOfBatch" : false,
  "loggerFqcn" : "org.apache.logging.slf4j.Log4jLogger",
  "threadId" : 32,
  "threadPriority" : 5,
  "service" : "admin-app"
}
